ERROR - 2023-12-10 23:14:33 --> mysqli_sql_exception: Unknown column 'nombre' in 'field list' in C:\Users\USER\Downloads\fbd2023_2-main\system\Database\MySQLi\Connection.php:306
Stack trace:
#0 C:\Users\USER\Downloads\fbd2023_2-main\system\Database\MySQLi\Connection.php(306): mysqli->query('INSERT INTO `ca...', 0)
#1 C:\Users\USER\Downloads\fbd2023_2-main\system\Database\BaseConnection.php(693): CodeIgniter\Database\MySQLi\Connection->execute('INSERT INTO `ca...')
#2 C:\Users\USER\Downloads\fbd2023_2-main\system\Database\BaseConnection.php(607): CodeIgniter\Database\BaseConnection->simpleQuery('INSERT INTO `ca...')
#3 C:\Users\USER\Downloads\fbd2023_2-main\system\Database\BaseBuilder.php(2308): CodeIgniter\Database\BaseConnection->query('INSERT INTO `ca...', Array, false)
#4 C:\Users\USER\Downloads\fbd2023_2-main\system\Model.php(319): CodeIgniter\Database\BaseBuilder->insert()
#5 C:\Users\USER\Downloads\fbd2023_2-main\system\BaseModel.php(788): CodeIgniter\Model->doInsert(Array)
#6 C:\Users\USER\Downloads\fbd2023_2-main\system\Model.php(715): CodeIgniter\BaseModel->insert(Array, true)
#7 C:\Users\USER\Downloads\fbd2023_2-main\app\Controllers\CategoriaController.php(46): CodeIgniter\Model->insert(Array)
#8 C:\Users\USER\Downloads\fbd2023_2-main\system\CodeIgniter.php(942): App\Controllers\CategoriaController->store()
#9 C:\Users\USER\Downloads\fbd2023_2-main\system\CodeIgniter.php(502): CodeIgniter\CodeIgniter->runController(Object(App\Controllers\CategoriaController))
#10 C:\Users\USER\Downloads\fbd2023_2-main\system\CodeIgniter.php(361): CodeIgniter\CodeIgniter->handleRequest(NULL, Object(Config\Cache), false)
#11 C:\Users\USER\Downloads\fbd2023_2-main\public\index.php(79): CodeIgniter\CodeIgniter->run()
#12 C:\Users\USER\Downloads\fbd2023_2-main\system\Commands\Server\rewrite.php(47): require_once('C:\\Users\\USER\\D...')
#13 {main}
CRITICAL - 2023-12-10 23:14:33 --> Unknown column 'nombre' in 'field list'
in SYSTEMPATH\Database\BaseConnection.php on line 647.
 1 SYSTEMPATH\Database\BaseBuilder.php(2308): CodeIgniter\Database\BaseConnection->query('INSERT INTO `categorias` (`nombre`, `descripcion`, `status`, `created_at`, `updated_at`) VALUES (:nombre:, :descripcion:, :status:, :created_at:, :updated_at:)', [...], false)
 2 SYSTEMPATH\Model.php(319): CodeIgniter\Database\BaseBuilder->insert()
 3 SYSTEMPATH\BaseModel.php(788): CodeIgniter\Model->doInsert([...])
 4 SYSTEMPATH\Model.php(715): CodeIgniter\BaseModel->insert([...], true)
 5 APPPATH\Controllers\CategoriaController.php(46): CodeIgniter\Model->insert([...])
 6 SYSTEMPATH\CodeIgniter.php(942): App\Controllers\CategoriaController->store()
 7 SYSTEMPATH\CodeIgniter.php(502): CodeIgniter\CodeIgniter->runController(Object(App\Controllers\CategoriaController))
 8 SYSTEMPATH\CodeIgniter.php(361): CodeIgniter\CodeIgniter->handleRequest(null, Object(Config\Cache), false)
 9 FCPATH\index.php(79): CodeIgniter\CodeIgniter->run()
10 SYSTEMPATH\Commands\Server\rewrite.php(47): require_once('C:\\Users\\USER\\Downloads\\fbd2023_2-main\\public\\index.php')
CRITICAL - 2023-12-10 23:28:12 --> Undefined array key "estado"
in APPPATH\Views\categorias\index.php on line 30.
 1 APPPATH\Views\categorias\index.php(30): CodeIgniter\Debug\Exceptions->errorHandler(2, 'Undefined array key "estado"', 'C:\\Users\\USER\\Downloads\\fbd2023_2-main\\app\\Views\\categorias\\index.php', 30)
 2 SYSTEMPATH\View\View.php(228): include('C:\\Users\\USER\\Downloads\\fbd2023_2-main\\app\\Views\\categorias\\index.php')
 3 SYSTEMPATH\View\View.php(231): CodeIgniter\View\View->CodeIgniter\View\{closure}()
 4 SYSTEMPATH\Common.php(1190): CodeIgniter\View\View->render('categorias/index', [], true)
 5 APPPATH\Controllers\CategoriaController.php(28): view('categorias/index', [...])
 6 SYSTEMPATH\CodeIgniter.php(942): App\Controllers\CategoriaController->index()
 7 SYSTEMPATH\CodeIgniter.php(502): CodeIgniter\CodeIgniter->runController(Object(App\Controllers\CategoriaController))
 8 SYSTEMPATH\CodeIgniter.php(361): CodeIgniter\CodeIgniter->handleRequest(null, Object(Config\Cache), false)
 9 FCPATH\index.php(79): CodeIgniter\CodeIgniter->run()
10 SYSTEMPATH\Commands\Server\rewrite.php(47): require_once('C:\\Users\\USER\\Downloads\\fbd2023_2-main\\public\\index.php')
CRITICAL - 2023-12-10 23:54:43 --> Invalid file: "categorias/show.php"
in SYSTEMPATH\Exceptions\FrameworkException.php on line 39.
 1 SYSTEMPATH\View\View.php(216): CodeIgniter\Exceptions\FrameworkException::forInvalidFile('categorias/show.php')
 2 SYSTEMPATH\Common.php(1190): CodeIgniter\View\View->render('categorias/show', [], true)
 3 APPPATH\Controllers\CategoriaController.php(60): view('categorias/show', [...])
 4 SYSTEMPATH\CodeIgniter.php(942): App\Controllers\CategoriaController->show('1')
 5 SYSTEMPATH\CodeIgniter.php(502): CodeIgniter\CodeIgniter->runController(Object(App\Controllers\CategoriaController))
 6 SYSTEMPATH\CodeIgniter.php(361): CodeIgniter\CodeIgniter->handleRequest(null, Object(Config\Cache), false)
 7 FCPATH\index.php(79): CodeIgniter\CodeIgniter->run()
 8 SYSTEMPATH\Commands\Server\rewrite.php(47): require_once('C:\\Users\\USER\\Downloads\\fbd2023_2-main\\public\\index.php')
